=== TechSphere Corporation Security Camera Footage ===
Date: 2025-08-28
Hour: 18:00 - 19:00
Location: Corporate Headquarters


[18:03] Dhaarun at research workstation
[18:07] Darshan monitoring servers
[18:12] Kanishka at workstation typing
[18:15] Jayasurya working on code
[18:18] Vishal at security station
[18:22] Rizvi preparing end-of-day reports
[18:25] Tejas organizing CFO files
[18:28] Shashwath in server room
[18:32] Abbilaash checking databases
[18:35] Richitha at IT support desk
[18:38] Dhaarun analyzing data models
[18:42] Darshan at printer
[18:45] Kanishka in meeting room
[18:48] Jayasurya testing systems
[18:52] Vishal reviewing security protocols
[18:55] Rizvi handling communications
[18:58] Evening operations continue
