=== TechSphere Corporation Security Camera Footage ===
Date: 2025-08-28
Hour: 20:00 - 21:00
Location: Corporate Headquarters

[20:03] Dhaarun at research station
[20:07] Darshan in server room
[20:12] Kanishka at workstation
[20:15] Jayasurya working on treasury scripts
[20:18] Vishal monitoring security feeds
[20:22] Rizvi preparing late reports
[20:25] Tejas at CFO's area
[20:28] Shashwath checking systems
[20:32] Abbilaash maintaining databases
[20:35] Richitha at IT desk
[20:38] Dhaarun analyzing data
[20:42] Darshan at printer
[20:45] Kanishka organizing files
[20:48] Jayasurya testing functions
[20:52] Vishal reviewing protocols
[20:55] Rizvi handling communications
[20:58] Late evening operations
