=== TechSphere Corporation Security Camera Footage ===
Date: 2025-08-30
Hour: 00:00 - 01:00
Location: Corporate Headquarters

[00:00] Shashwath and Vishal enter manager's office
[00:01] Jayasurya at workstation monitoring
[00:02] Richitha assisting Abbilaash with system issues
[00:03] Tejas organizing documents
[00:04] Dhaarun in research area
[00:05] Darshan in server room
[00:06] Rizvi at communications desk
[00:07] Abbilaash troubleshooting system
[00:08] Shashwath and Vishal exit manager's office
[00:09] Normal work activities resume
[00:10] All employees at workstations
[00:11] Routine night operations
[00:12] System maintenance ongoing
[00:13] Security monitoring active
[00:14] Research work continues
[00:15] Communications being handled
[00:16] Server monitoring in progress
[00:17] Fund transfer occurs
[00:18] Normal activities continue
[00:19] Dhaarun near treasury
[00:20] Darshan deletes logs
[00:21] Rizvi sends mail to Vishal stating "transfer success"
[00:22] Employees return to normal tasks
[00:23] System operations continue
[00:24] Building security normal
[00:25] Night shift activities
[00:30] Routine operations
[00:35] All systems functioning
[00:40] Normal work continues
[00:45] Regular activities
[00:50] Night operations ongoing
[00:55] Building secure
[00:59] Hour transition