=== TechSphere Corporation Security Camera Footage ===
Date: 2025-08-29
Hour: 09:00 - 10:00
Location: Corporate Headquarters

[09:02] Richitha enters office building
[09:05] Shashwath at coffee machine
[09:08] Kanishka organizing files at desk
[09:12] Jayasurya at workstation coding
[09:15] Vishal reviewing security protocols
[09:18] Rizvi handling morning communications
[09:22] Tejas organizing CFO's schedule
[09:25] Abbilaash checking database systems
[09:28] Dhaarun working on data analysis
[09:32] Darshan performing server maintenance
[09:35] Richitha providing IT support
[09:38] Shashwath reviewing system logs
[09:42] Kanishka in meeting room
[09:45] Jayasurya testing treasury scripts
[09:48] Vishal monitoring security feeds
[09:52] Rizvi preparing reports
[09:55] Tejas at printer
[09:58] Normal morning operations
