=== TechSphere Corporation Security Camera Footage ===
Date: 2025-08-29
Hour: 10:00 - 11:00
Location: Corporate Headquarters

[10:03] Abbilaash at coffee machine
[10:07] Dhaarun using elevator
[10:12] Kanishka at workstation typing
[10:15] Jayasurya in meeting room
[10:18] Vishal at security monitoring station
[10:22] Rizvi handling phone calls
[10:25] Tejas carrying documents
[10:28] Shashwath in server room
[10:32] Darshan at printer
[10:35] Richitha troubleshooting systems
[10:38] Abbilaash checking databases
[10:42] Dhaarun analyzing financial data
[10:45] Kanishka organizing schedules
[10:48] Jayasurya coding treasury functions
[10:52] Vishal reviewing access logs
[10:55] Rizvi preparing communications
[10:58] Regular office operations
