=== TechSphere Corporation Security Camera Footage ===
Date: 2025-08-29
Hour: 11:00 - 12:00
Location: Corporate Headquarters

[11:03] Shashwath at coffee machine
[11:07] Kanishka in meeting room
[11:12] Jayasurya reviewing code
[11:15] Vishal checking security logs
[11:18] Rizvi on phone call
[11:22] Tejas organizing documents
[11:25] Abbilaash in server room
[11:28] Dhaarun working on data models
[11:32] Darshan at workstation
[11:35] Richitha troubleshooting systems
[11:38] Shashwath reviewing maintenance logs
[11:42] Kanishka at printer
[11:45] Jayasurya testing treasury functions
[11:48] Vishal monitoring feeds
[11:52] Rizvi preparing reports
[11:55] Tejas at CFO's office area
[11:58] Regular operations continue
