=== TechSphere Corporation Security Camera Footage ===
Date: 2025-08-29
Hour: 12:00 - 13:00
Location: Corporate Headquarters

[12:02] Abbilaash at lunch break area
[12:05] Dhaarun using elevator
[12:08] Kanishka organizing schedules
[12:12] Jayasurya at workstation
[12:15] Vishal reviewing access controls
[12:18] Rizvi handling communications
[12:22] Tejas carrying files
[12:25] Shashwath in server room
[12:28] Darshan at coffee machine
[12:32] Richitha providing support
[12:35] Abbilaash checking databases
[12:38] Dhaarun analyzing data
[12:42] Kanishka at meeting room
[12:45] Jayasurya coding
[12:48] Vishal monitoring systems
[12:52] Rizvi at printer
[12:55] Lunch break activities
[12:58] Normal midday operations
