=== TechSphere Corporation Security Camera Footage ===
Date: 2025-08-29
Hour: 13:00 - 14:00
Location: Corporate Headquarters

[13:03] Tejas returns from lunch
[13:07] Vishal at security station
[13:12] Kanishka at workstation typing
[13:15] Jayasurya working on scripts
[13:18] Richitha at IT desk
[13:22] Shashwath checking systems
[13:25] Abbilaash in database area
[13:28] Dhaarun at research station
[13:32] Darshan in server room
[13:35] Rizvi handling calls
[13:38] Tejas organizing CFO files
[13:42] Vishal reviewing protocols
[13:45] Kanishka at printer
[13:48] Jayasurya testing code
[13:52] Richitha troubleshooting
[13:55] Shashwath maintenance work
[13:58] Afternoon operations
