=== TechSphere Corporation Security Camera Footage ===
Date: 2025-08-29
Hour: 14:00 - 15:00
Location: Corporate Headquarters

[14:02] Darshan at workstation
[14:05] Rizvi preparing documents
[14:08] Kanishka in meeting room
[14:12] Jayasurya coding treasury functions
[14:15] Vishal monitoring security feeds
[14:18] Richitha providing IT support
[14:22] Shashwath in server room
[14:25] Abbilaash checking databases
[14:28] Dhaarun analyzing models
[14:32] Tejas at CFO's area
[14:35] Darshan using printer
[14:38] Rizvi on phone call
[14:42] Kanishka organizing files
[14:45] Jayasurya testing systems
[14:48] Vishal reviewing logs
[14:52] Richitha troubleshooting
[14:55] Shashwath maintenance tasks
[14:58] Regular afternoon work
