=== TechSphere Corporation Security Camera Footage ===
Date: 2025-08-29
Hour: 15:00 - 16:00
Location: Corporate Headquarters

[15:02] Tejas enters office building
[15:05] Vishal at security monitoring station
[15:08] Kanishka organizing administrative files
[15:12] Jayasurya working on treasury scripts
[15:15] Richitha providing IT support
[15:18] Shashwath checking system performance
[15:22] Abbilaash maintaining databases
[15:25] Dhaarun analyzing financial models
[15:28] Darshan in server room
[15:32] Rizvi handling communications
[15:35] Tejas managing CFO's schedule
[15:38] Vishal reviewing security protocols
[15:42] Kanishka at workstation typing
[15:45] Jayasurya testing code
[15:48] Richitha troubleshooting systems
[15:52] Shashwath preparing maintenance
[15:55] Abbilaash at coffee machine
[15:58] Regular afternoon operations
