=== TechSphere Corporation Security Camera Footage ===
Date: 2025-08-29
Hour: 16:00 - 17:00
Location: Corporate Headquarters

[16:03] Abbilaash at coffee machine
[16:07] Dhaarun using elevator
[16:12] Kanishka at workstation
[16:15] Jayasurya reviewing treasury code
[16:18] Vishal at security monitoring
[16:22] Rizvi handling communications
[16:25] Tejas organizing documents
[16:28] Shashwath in server room
[16:32] Darshan at printer
[16:35] Richitha providing IT support
[16:38] Abbilaash checking systems
[16:42] Dhaarun working on data
[16:45] Kanishka in meeting room
[16:48] Jayasurya testing functions
[16:52] Vishal reviewing protocols
[16:55] Rizvi preparing reports
[16:58] Late afternoon operations
