=== TechSphere Corporation Security Camera Footage ===
Date: 2025-08-29
Hour: 17:00 - 18:00
Location: Corporate Headquarters

[17:02] Tejas at CFO's office area
[17:05] Vishal monitoring security feeds
[17:08] Kanishka organizing schedules
[17:12] Jayasurya at workstation coding
[17:15] Richitha troubleshooting systems
[17:18] Shashwath checking server status
[17:22] Abbilaash maintaining databases
[17:25] Dhaarun analyzing financial data
[17:28] Darshan in server room
[17:32] Rizvi handling phone calls
[17:35] Tejas carrying documents
[17:38] Vishal reviewing access logs
[17:42] Kanishka at printer
[17:45] Jayasurya testing treasury scripts
[17:48] Richitha providing support
[17:52] Shashwath maintenance work
[17:55] Abbilaash at coffee machine
[17:58] Evening shift preparation
