=== TechSphere Corporation Security Camera Footage ===
Date: 2025-08-29
Hour: 19:00 - 20:00
Location: Corporate Headquarters

[19:02] Tejas at workstation
[19:05] Vishal monitoring security systems
[19:08] Kanishka organizing files
[19:12] Jayasurya coding treasury operations
[19:15] Richitha providing IT support
[19:18] Shashwath checking system performance
[19:22] Abbilaash in database area
[19:25] Dhaarun working on research
[19:28] Darshan in server room
[19:32] Rizvi at communications desk
[19:35] Tejas organizing documents
[19:38] Vishal reviewing access controls
[19:42] Kanishka at printer
[19:45] Jayasurya testing code
[19:48] Richitha troubleshooting
[19:52] Shashwath maintenance tasks
[19:55] Abbilaash at coffee machine
[19:58] Evening shift continues
