=== TechSphere Corporation Security Camera Footage ===
Date: 2025-08-29
Hour: 22:00 - 23:00
Location: Corporate Headquarters

[22:00] Regular employees leaving office premises
[22:01] Parking lot cameras show vehicles departing
[22:02] 10 employees remain in building
[22:03] Building security system switches to night mode
[22:04] Corridor lighting dimmed to energy-saving mode
[22:05] Jayasurya at workstation coding
[22:06] Shashwath preparing system maintenance tools
[22:07] Kanishka and Tejas enter CFO's office together
[22:08] Vishal monitoring security feeds
[22:09] Abbilaash in server room checking systems
[22:10] Dhaarun in research lab working
[22:11] Darshan in server room with Abbilaash
[22:12] Kanishka exits CFO office carrying a small box
[22:13] Rizvi at communications desk
[22:14] Richitha at IT support desk
[22:15] Jayasurya glances toward CFO office area
[22:16] Shashwath organizing maintenance schedules
[22:17] Vishal reviewing security protocols
[22:18] Abbilaash running system diagnostics
[22:19] Dhaarun working on data models
[22:20] Tejas exits CFO office with a small box
[22:21] Darshan monitoring server performance
[22:22] Rizvi preparing reports
[22:23] Tejas returns to workstation
[22:24] Normal work activities continue
[22:25] Richitha preparing USB device
[22:26] Jayasurya coding at workstation
[22:27] Shashwath checking system logs
[22:28] Vishal at security monitoring station
[22:29] Abbilaash in server room
[22:30] Dhaarun at research workstation
[22:31] Darshan assisting with server tasks
[22:32] Rizvi handling communications
[22:33] Tejas organizing documents
[22:34] Richitha working with USB files
[22:35] Jayasurya reviewing code
[22:36] Shashwath preparing for maintenance
[22:37] Vishal monitoring feeds
[22:38] Abbilaash checking database systems
[22:39] Dhaarun analyzing data
[22:40] Richitha enters CFO office with USB device
[22:41] Darshan in server room
[22:42] Rizvi at communications desk
[22:43] Richitha at CFO's computer terminal
[22:44] Tejas at workstation
[22:45] Jayasurya coding
[22:46] Shashwath reviewing system status
[22:47] Vishal monitoring security
[22:48] Abbilaash in server room
[22:49] Dhaarun working on models
[22:50] Richitha exits CFO office
[22:51] Darshan checking servers
[22:52] Rizvi organizing files
[22:53] Jayasurya observes Richitha's return
[22:54] Normal activities resume
[22:55] All employees at workstations
[22:56] Routine night operations
[22:57] Building security normal
[22:58] Employees working normally
[22:59] Hour transition approaching
