=== TechSphere Corporation Security Camera Footage ===
Date: 2025-08-29
Hour: 23:00 - 24:00
Location: Corporate Headquarters

[23:00] Night shift operations continue
[23:01] Jayasurya approaches Richitha's workstation
[23:02] Brief conversation between Jayasurya and Richitha
[23:03] Richitha hands USB device to Jayasurya
[23:04] Jayasurya examines USB device
[23:05] Jayasurya uses USB device at systems
[23:06] Abbilaash leaves workstation, heads to cafeteria
[23:07] Jayasurya at Abbilaash's workstation
[23:08] Abbilaash returns from cafeteria
[23:09] Shashwath in server room performing maintenance
[23:10] Vishal monitoring security systems
[23:11] Dhaarun in research area working
[23:12] Darshan assisting with server maintenance
[23:13] Rizvi preparing communications
[23:14] Tejas at workstation
[23:15] Abbilaash notices system issues
[23:16] Richitha approaches to help Abbilaash
[23:17] System troubleshooting in progress
[23:18] Jayasurya returns to his workstation
[23:19] Normal work activities continue
[23:20] All employees at their stations
[23:25] Routine night operations
[23:30] Building security normal
[23:35] Employees working normally
[23:40] System maintenance ongoing
[23:45] Regular activities continue
[23:50] Night shift operations
[23:55] All systems functioning
[23:59] Hour transition approaching
